This is pdfTeX, Version 3.14159265-2.6-1.40.18 (MiKTeX 2.9.6300 64-bit) (preloaded format=pdflatex 2017.4.28)  7 MAY 2017 16:42
entering extended mode
**./latex_preamble.tex
(latex_preamble.tex
LaTeX2e <2017-04-15>
Babel <3.9r> and hyphenation patterns for 72 language(s) loaded.
("E:\DTP\TeX\MiKTeXRoot\MiKTeX 2.9\tex\latex\standalone\standalone.cls"
Document Class: standalone 2015/07/15 v1.2 Class to compile TeX sub-files stand
alone
("E:\DTP\TeX\MiKTeX 2.9\tex\generic\oberdiek\ifluatex.sty"
Package: ifluatex 2016/05/16 v1.4 Provides the ifluatex switch (HO)
Package ifluatex Info: LuaTeX not detected.
)
("E:\DTP\TeX\MiKTeX 2.9\tex\generic\oberdiek\ifpdf.sty"
Package: ifpdf 2017/03/15 v3.2 Provides the ifpdf switch
)
("E:\DTP\TeX\MiKTeX 2.9\tex\generic\ifxetex\ifxetex.sty"
Package: ifxetex 2010/09/12 v0.6 Provides ifxetex conditional
)
("E:\DTP\TeX\MiKTeX 2.9\tex\latex\xkeyval\xkeyval.sty"
Package: xkeyval 2014/12/03 v2.7a package option processing (HA)

("E:\DTP\TeX\MiKTeX 2.9\tex\generic\xkeyval\xkeyval.tex"
("E:\DTP\TeX\MiKTeX 2.9\tex\generic\xkeyval\xkvutils.tex"
\XKV@toks=\toks14
\XKV@tempa@toks=\toks15

("E:\DTP\TeX\MiKTeX 2.9\tex\generic\xkeyval\keyval.tex"))
\XKV@depth=\count79
File: xkeyval.tex 2014/12/03 v2.7a key=value parser (HA)
))
\sa@internal=\count80
\c@sapage=\count81

("E:\DTP\TeX\MiKTeXRoot\MiKTeX 2.9\tex\latex\standalone\standalone.cfg"
File: standalone.cfg 2015/07/15 v1.2 Default configuration file for 'standalone
' class
)
("E:\DTP\TeX\MiKTeX 2.9\tex\latex\base\article.cls"
Document Class: article 2014/09/29 v1.4h Standard LaTeX document class
("E:\DTP\TeX\MiKTeX 2.9\tex\latex\base\size10.clo"
File: size10.clo 2014/09/29 v1.4h Standard LaTeX file (size option)
)
\c@part=\count82
\c@section=\count83
\c@subsection=\count84
\c@subsubsection=\count85
\c@paragraph=\count86
\c@subparagraph=\count87
\c@figure=\count88
\c@table=\count89
\abovecaptionskip=\skip41
\belowcaptionskip=\skip42
\bibindent=\dimen102
)
("E:\DTP\TeX\MiKTeXRoot\MiKTeX 2.9\tex\latex\pgf\frontendlayer\tikz.sty"
("E:\DTP\TeX\MiKTeXRoot\MiKTeX 2.9\tex\latex\pgf\basiclayer\pgf.sty"
("E:\DTP\TeX\MiKTeXRoot\MiKTeX 2.9\tex\latex\pgf\utilities\pgfrcs.sty"
("E:\DTP\TeX\MiKTeXRoot\MiKTeX 2.9\tex\generic\pgf\utilities\pgfutil-common.tex
"
\pgfutil@everybye=\toks16
\pgfutil@tempdima=\dimen103
\pgfutil@tempdimb=\dimen104

("E:\DTP\TeX\MiKTeXRoot\MiKTeX 2.9\tex\generic\pgf\utilities\pgfutil-common-lis
ts.tex"))
("E:\DTP\TeX\MiKTeXRoot\MiKTeX 2.9\tex\generic\pgf\utilities\pgfutil-latex.def"
\pgfutil@abb=\box26
("E:\DTP\TeX\MiKTeXRoot\MiKTeX 2.9\tex\latex\ms\everyshi.sty"
Package: everyshi 2001/05/15 v3.00 EveryShipout Package (MS)
))
("E:\DTP\TeX\MiKTeXRoot\MiKTeX 2.9\tex\generic\pgf\utilities\pgfrcs.code.tex"
Package: pgfrcs 2015/08/07 v3.0.1a (rcs-revision 1.31)
))
Package: pgf 2015/08/07 v3.0.1a (rcs-revision 1.15)
("E:\DTP\TeX\MiKTeXRoot\MiKTeX 2.9\tex\latex\pgf\basiclayer\pgfcore.sty"
("E:\DTP\TeX\MiKTeX 2.9\tex\latex\graphics\graphicx.sty"
Package: graphicx 2014/10/28 v1.0g Enhanced LaTeX Graphics (DPC,SPQR)

("E:\DTP\TeX\MiKTeX 2.9\tex\latex\graphics\graphics.sty"
Package: graphics 2017/04/14 v1.1b Standard LaTeX Graphics (DPC,SPQR)

("E:\DTP\TeX\MiKTeX 2.9\tex\latex\graphics\trig.sty"
Package: trig 2016/01/03 v1.10 sin cos tan (DPC)
)
("E:\DTP\TeX\MiKTeXRoot\MiKTeX 2.9\tex\latex\graphics-cfg\graphics.cfg"
File: graphics.cfg 2016/06/04 v1.11 sample graphics configuration
)
Package graphics Info: Driver file: pdftex.def on input line 99.

("E:\DTP\TeX\MiKTeXRoot\MiKTeX 2.9\tex\latex\graphics-def\pdftex.def"
File: pdftex.def 2017/01/12 v0.06k Graphics/color for pdfTeX

("E:\DTP\TeX\MiKTeX 2.9\tex\generic\oberdiek\infwarerr.sty"
Package: infwarerr 2016/05/16 v1.4 Providing info/warning/error messages (HO)
)
("E:\DTP\TeX\MiKTeX 2.9\tex\generic\oberdiek\ltxcmds.sty"
Package: ltxcmds 2016/05/16 v1.23 LaTeX kernel commands for general use (HO)
)
\Gread@gobject=\count90
))
\Gin@req@height=\dimen105
\Gin@req@width=\dimen106
)
("E:\DTP\TeX\MiKTeXRoot\MiKTeX 2.9\tex\latex\pgf\systemlayer\pgfsys.sty"
("E:\DTP\TeX\MiKTeXRoot\MiKTeX 2.9\tex\generic\pgf\systemlayer\pgfsys.code.tex"
Package: pgfsys 2014/07/09 v3.0.1a (rcs-revision 1.48)
("E:\DTP\TeX\MiKTeXRoot\MiKTeX 2.9\tex\generic\pgf\utilities\pgfkeys.code.tex"
\pgfkeys@pathtoks=\toks17
\pgfkeys@temptoks=\toks18

("E:\DTP\TeX\MiKTeXRoot\MiKTeX 2.9\tex\generic\pgf\utilities\pgfkeysfiltered.co
de.tex"
\pgfkeys@tmptoks=\toks19
))
\pgf@x=\dimen107
\pgf@y=\dimen108
\pgf@xa=\dimen109
\pgf@ya=\dimen110
\pgf@xb=\dimen111
\pgf@yb=\dimen112
\pgf@xc=\dimen113
\pgf@yc=\dimen114
\w@pgf@writea=\write3
\r@pgf@reada=\read1
\c@pgf@counta=\count91
\c@pgf@countb=\count92
\c@pgf@countc=\count93
\c@pgf@countd=\count94
\t@pgf@toka=\toks20
\t@pgf@tokb=\toks21
\t@pgf@tokc=\toks22
 ("E:\DTP\TeX\MiKTeXRoot\MiKTeX 2.9\tex\generic\pgf\systemlayer\pgf.cfg"
File: pgf.cfg 2008/05/14  (rcs-revision 1.7)
)
Driver file for pgf: pgfsys-pdftex.def

("E:\DTP\TeX\MiKTeXRoot\MiKTeX 2.9\tex\generic\pgf\systemlayer\pgfsys-pdftex.de
f"
File: pgfsys-pdftex.def 2014/10/11  (rcs-revision 1.35)

("E:\DTP\TeX\MiKTeXRoot\MiKTeX 2.9\tex\generic\pgf\systemlayer\pgfsys-common-pd
f.def"
File: pgfsys-common-pdf.def 2013/10/10  (rcs-revision 1.13)
)))
("E:\DTP\TeX\MiKTeXRoot\MiKTeX 2.9\tex\generic\pgf\systemlayer\pgfsyssoftpath.c
ode.tex"
File: pgfsyssoftpath.code.tex 2013/09/09  (rcs-revision 1.9)
\pgfsyssoftpath@smallbuffer@items=\count95
\pgfsyssoftpath@bigbuffer@items=\count96
)
("E:\DTP\TeX\MiKTeXRoot\MiKTeX 2.9\tex\generic\pgf\systemlayer\pgfsysprotocol.c
ode.tex"
File: pgfsysprotocol.code.tex 2006/10/16  (rcs-revision 1.4)
)) ("E:\DTP\TeX\MiKTeXRoot\MiKTeX 2.9\tex\latex\xcolor\xcolor.sty"
Package: xcolor 2016/05/11 v2.12 LaTeX color extensions (UK)

("E:\DTP\TeX\MiKTeXRoot\MiKTeX 2.9\tex\latex\graphics-cfg\color.cfg"
File: color.cfg 2016/01/02 v1.6 sample color configuration
)
Package xcolor Info: Driver file: pdftex.def on input line 225.
Package xcolor Info: Model `cmy' substituted by `cmy0' on input line 1348.
Package xcolor Info: Model `hsb' substituted by `rgb' on input line 1352.
Package xcolor Info: Model `RGB' extended on input line 1364.
Package xcolor Info: Model `HTML' substituted by `rgb' on input line 1366.
Package xcolor Info: Model `Hsb' substituted by `hsb' on input line 1367.
Package xcolor Info: Model `tHsb' substituted by `hsb' on input line 1368.
Package xcolor Info: Model `HSB' substituted by `hsb' on input line 1369.
Package xcolor Info: Model `Gray' substituted by `gray' on input line 1370.
Package xcolor Info: Model `wave' substituted by `hsb' on input line 1371.
)
("E:\DTP\TeX\MiKTeXRoot\MiKTeX 2.9\tex\generic\pgf\basiclayer\pgfcore.code.tex"
Package: pgfcore 2010/04/11 v3.0.1a (rcs-revision 1.7)
("E:\DTP\TeX\MiKTeXRoot\MiKTeX 2.9\tex\generic\pgf\math\pgfmath.code.tex"
("E:\DTP\TeX\MiKTeXRoot\MiKTeX 2.9\tex\generic\pgf\math\pgfmathcalc.code.tex"
("E:\DTP\TeX\MiKTeXRoot\MiKTeX 2.9\tex\generic\pgf\math\pgfmathutil.code.tex")
("E:\DTP\TeX\MiKTeXRoot\MiKTeX 2.9\tex\generic\pgf\math\pgfmathparser.code.tex"
\pgfmath@dimen=\dimen115
\pgfmath@count=\count97
\pgfmath@box=\box27
\pgfmath@toks=\toks23
\pgfmath@stack@operand=\toks24
\pgfmath@stack@operation=\toks25
)
("E:\DTP\TeX\MiKTeXRoot\MiKTeX 2.9\tex\generic\pgf\math\pgfmathfunctions.code.t
ex"
("E:\DTP\TeX\MiKTeXRoot\MiKTeX 2.9\tex\generic\pgf\math\pgfmathfunctions.basic.
code.tex")
("E:\DTP\TeX\MiKTeXRoot\MiKTeX 2.9\tex\generic\pgf\math\pgfmathfunctions.trigon
ometric.code.tex")
("E:\DTP\TeX\MiKTeXRoot\MiKTeX 2.9\tex\generic\pgf\math\pgfmathfunctions.random
.code.tex")
("E:\DTP\TeX\MiKTeXRoot\MiKTeX 2.9\tex\generic\pgf\math\pgfmathfunctions.compar
ison.code.tex")
("E:\DTP\TeX\MiKTeXRoot\MiKTeX 2.9\tex\generic\pgf\math\pgfmathfunctions.base.c
ode.tex")
("E:\DTP\TeX\MiKTeXRoot\MiKTeX 2.9\tex\generic\pgf\math\pgfmathfunctions.round.
code.tex")
("E:\DTP\TeX\MiKTeXRoot\MiKTeX 2.9\tex\generic\pgf\math\pgfmathfunctions.misc.c
ode.tex")
("E:\DTP\TeX\MiKTeXRoot\MiKTeX 2.9\tex\generic\pgf\math\pgfmathfunctions.intege
rarithmetics.code.tex")))
("E:\DTP\TeX\MiKTeXRoot\MiKTeX 2.9\tex\generic\pgf\math\pgfmathfloat.code.tex"
\c@pgfmathroundto@lastzeros=\count98
))
("E:\DTP\TeX\MiKTeXRoot\MiKTeX 2.9\tex\generic\pgf\basiclayer\pgfcorepoints.cod
e.tex"
File: pgfcorepoints.code.tex 2013/10/07  (rcs-revision 1.27)
\pgf@picminx=\dimen116
\pgf@picmaxx=\dimen117
\pgf@picminy=\dimen118
\pgf@picmaxy=\dimen119
\pgf@pathminx=\dimen120
\pgf@pathmaxx=\dimen121
\pgf@pathminy=\dimen122
\pgf@pathmaxy=\dimen123
\pgf@xx=\dimen124
\pgf@xy=\dimen125
\pgf@yx=\dimen126
\pgf@yy=\dimen127
\pgf@zx=\dimen128
\pgf@zy=\dimen129
)
("E:\DTP\TeX\MiKTeXRoot\MiKTeX 2.9\tex\generic\pgf\basiclayer\pgfcorepathconstr
uct.code.tex"
File: pgfcorepathconstruct.code.tex 2013/10/07  (rcs-revision 1.29)
\pgf@path@lastx=\dimen130
\pgf@path@lasty=\dimen131
)
("E:\DTP\TeX\MiKTeXRoot\MiKTeX 2.9\tex\generic\pgf\basiclayer\pgfcorepathusage.
code.tex"
File: pgfcorepathusage.code.tex 2014/11/02  (rcs-revision 1.24)
\pgf@shorten@end@additional=\dimen132
\pgf@shorten@start@additional=\dimen133
)
("E:\DTP\TeX\MiKTeXRoot\MiKTeX 2.9\tex\generic\pgf\basiclayer\pgfcorescopes.cod
e.tex"
File: pgfcorescopes.code.tex 2015/05/08  (rcs-revision 1.46)
\pgfpic=\box28
\pgf@hbox=\box29
\pgf@layerbox@main=\box30
\pgf@picture@serial@count=\count99
)
("E:\DTP\TeX\MiKTeXRoot\MiKTeX 2.9\tex\generic\pgf\basiclayer\pgfcoregraphicsta
te.code.tex"
File: pgfcoregraphicstate.code.tex 2014/11/02  (rcs-revision 1.12)
\pgflinewidth=\dimen134
)
("E:\DTP\TeX\MiKTeXRoot\MiKTeX 2.9\tex\generic\pgf\basiclayer\pgfcoretransforma
tions.code.tex"
File: pgfcoretransformations.code.tex 2015/08/07  (rcs-revision 1.20)
\pgf@pt@x=\dimen135
\pgf@pt@y=\dimen136
\pgf@pt@temp=\dimen137
)
("E:\DTP\TeX\MiKTeXRoot\MiKTeX 2.9\tex\generic\pgf\basiclayer\pgfcorequick.code
.tex"
File: pgfcorequick.code.tex 2008/10/09  (rcs-revision 1.3)
)
("E:\DTP\TeX\MiKTeXRoot\MiKTeX 2.9\tex\generic\pgf\basiclayer\pgfcoreobjects.co
de.tex"
File: pgfcoreobjects.code.tex 2006/10/11  (rcs-revision 1.2)
)
("E:\DTP\TeX\MiKTeXRoot\MiKTeX 2.9\tex\generic\pgf\basiclayer\pgfcorepathproces
sing.code.tex"
File: pgfcorepathprocessing.code.tex 2013/09/09  (rcs-revision 1.9)
)
("E:\DTP\TeX\MiKTeXRoot\MiKTeX 2.9\tex\generic\pgf\basiclayer\pgfcorearrows.cod
e.tex"
File: pgfcorearrows.code.tex 2015/05/14  (rcs-revision 1.43)
\pgfarrowsep=\dimen138
)
("E:\DTP\TeX\MiKTeXRoot\MiKTeX 2.9\tex\generic\pgf\basiclayer\pgfcoreshade.code
.tex"
File: pgfcoreshade.code.tex 2013/07/15  (rcs-revision 1.15)
\pgf@max=\dimen139
\pgf@sys@shading@range@num=\count100
)
("E:\DTP\TeX\MiKTeXRoot\MiKTeX 2.9\tex\generic\pgf\basiclayer\pgfcoreimage.code
.tex"
File: pgfcoreimage.code.tex 2013/07/15  (rcs-revision 1.18)

("E:\DTP\TeX\MiKTeXRoot\MiKTeX 2.9\tex\generic\pgf\basiclayer\pgfcoreexternal.c
ode.tex"
File: pgfcoreexternal.code.tex 2014/07/09  (rcs-revision 1.21)
\pgfexternal@startupbox=\box31
))
("E:\DTP\TeX\MiKTeXRoot\MiKTeX 2.9\tex\generic\pgf\basiclayer\pgfcorelayers.cod
e.tex"
File: pgfcorelayers.code.tex 2013/07/18  (rcs-revision 1.7)
)
("E:\DTP\TeX\MiKTeXRoot\MiKTeX 2.9\tex\generic\pgf\basiclayer\pgfcoretransparen
cy.code.tex"
File: pgfcoretransparency.code.tex 2013/09/30  (rcs-revision 1.5)
)
("E:\DTP\TeX\MiKTeXRoot\MiKTeX 2.9\tex\generic\pgf\basiclayer\pgfcorepatterns.c
ode.tex"
File: pgfcorepatterns.code.tex 2013/11/07  (rcs-revision 1.5)
)))
("E:\DTP\TeX\MiKTeXRoot\MiKTeX 2.9\tex\generic\pgf\modules\pgfmoduleshapes.code
.tex"
File: pgfmoduleshapes.code.tex 2014/03/21  (rcs-revision 1.35)
\pgfnodeparttextbox=\box32
)
("E:\DTP\TeX\MiKTeXRoot\MiKTeX 2.9\tex\generic\pgf\modules\pgfmoduleplot.code.t
ex"
File: pgfmoduleplot.code.tex 2015/08/03  (rcs-revision 1.13)
)
("E:\DTP\TeX\MiKTeXRoot\MiKTeX 2.9\tex\latex\pgf\compatibility\pgfcomp-version-
0-65.sty"
Package: pgfcomp-version-0-65 2007/07/03 v3.0.1a (rcs-revision 1.7)
\pgf@nodesepstart=\dimen140
\pgf@nodesepend=\dimen141
)
("E:\DTP\TeX\MiKTeXRoot\MiKTeX 2.9\tex\latex\pgf\compatibility\pgfcomp-version-
1-18.sty"
Package: pgfcomp-version-1-18 2007/07/23 v3.0.1a (rcs-revision 1.1)
))
("E:\DTP\TeX\MiKTeXRoot\MiKTeX 2.9\tex\latex\pgf\utilities\pgffor.sty"
("E:\DTP\TeX\MiKTeXRoot\MiKTeX 2.9\tex\latex\pgf\utilities\pgfkeys.sty"
("E:\DTP\TeX\MiKTeXRoot\MiKTeX 2.9\tex\generic\pgf\utilities\pgfkeys.code.tex")
) ("E:\DTP\TeX\MiKTeXRoot\MiKTeX 2.9\tex\latex\pgf\math\pgfmath.sty"
("E:\DTP\TeX\MiKTeXRoot\MiKTeX 2.9\tex\generic\pgf\math\pgfmath.code.tex"))
("E:\DTP\TeX\MiKTeXRoot\MiKTeX 2.9\tex\generic\pgf\utilities\pgffor.code.tex"
Package: pgffor 2013/12/13 v3.0.1a (rcs-revision 1.25)

("E:\DTP\TeX\MiKTeXRoot\MiKTeX 2.9\tex\generic\pgf\math\pgfmath.code.tex")
\pgffor@iter=\dimen142
\pgffor@skip=\dimen143
\pgffor@stack=\toks26
\pgffor@toks=\toks27
))
("E:\DTP\TeX\MiKTeXRoot\MiKTeX 2.9\tex\generic\pgf\frontendlayer\tikz\tikz.code
.tex"
Package: tikz 2015/08/07 v3.0.1a (rcs-revision 1.151)

("E:\DTP\TeX\MiKTeXRoot\MiKTeX 2.9\tex\generic\pgf\libraries\pgflibraryplothand
lers.code.tex"
File: pgflibraryplothandlers.code.tex 2013/08/31 v3.0.1a (rcs-revision 1.20)
\pgf@plot@mark@count=\count101
\pgfplotmarksize=\dimen144
)
\tikz@lastx=\dimen145
\tikz@lasty=\dimen146
\tikz@lastxsaved=\dimen147
\tikz@lastysaved=\dimen148
\tikzleveldistance=\dimen149
\tikzsiblingdistance=\dimen150
\tikz@figbox=\box33
\tikz@figbox@bg=\box34
\tikz@tempbox=\box35
\tikz@tempbox@bg=\box36
\tikztreelevel=\count102
\tikznumberofchildren=\count103
\tikznumberofcurrentchild=\count104
\tikz@fig@count=\count105

("E:\DTP\TeX\MiKTeXRoot\MiKTeX 2.9\tex\generic\pgf\modules\pgfmodulematrix.code
.tex"
File: pgfmodulematrix.code.tex 2013/09/17  (rcs-revision 1.8)
\pgfmatrixcurrentrow=\count106
\pgfmatrixcurrentcolumn=\count107
\pgf@matrix@numberofcolumns=\count108
)
\tikz@expandcount=\count109

("E:\DTP\TeX\MiKTeXRoot\MiKTeX 2.9\tex\generic\pgf\frontendlayer\tikz\libraries
\tikzlibrarytopaths.code.tex"
File: tikzlibrarytopaths.code.tex 2008/06/17 v3.0.1a (rcs-revision 1.2)
)))
\sa@box=\box37
)
("E:\DTP\TeX\MiKTeXRoot\MiKTeX 2.9\tex\latex\circuitikz\circuitikz.sty"
Package: circuitikz 2017/03/25{} The CircuiTikz circuit drawing package version
 0.8.1

("E:\DTP\TeX\MiKTeXRoot\MiKTeX 2.9\tex\generic\pgf\frontendlayer\tikz\libraries
\tikzlibrarycalc.code.tex"
File: tikzlibrarycalc.code.tex 2013/07/15 v3.0.1a (rcs-revision 1.9)
)
("E:\DTP\TeX\MiKTeXRoot\MiKTeX 2.9\tex\generic\pgf\libraries\pgflibraryarrows.c
ode.tex"
File: pgflibraryarrows.code.tex 2013/09/23 v3.0.1a (rcs-revision 1.16)
\arrowsize=\dimen151
)
("E:\DTP\TeX\MiKTeXRoot\MiKTeX 2.9\tex\generic\circuitikz\pgfcirc.defines.tex"
\pgf@circ@res@up=\dimen152
\pgf@circ@res@down=\dimen153
\pgf@circ@res@zero=\dimen154
\pgf@circ@res@left=\dimen155
\pgf@circ@res@right=\dimen156
\pgf@circ@res@other=\dimen157
\pgf@circ@res@step=\dimen158
\pgf@circ@res@temp=\dimen159
\pgfstartlinewidth=\dimen160
\pgf@circ@Rlen=\dimen161
) ("E:\DTP\TeX\MiKTeXRoot\MiKTeX 2.9\tex\generic\circuitikz\pgfcircutils.tex")
("E:\DTP\TeX\MiKTeXRoot\MiKTeX 2.9\tex\generic\circuitikz\pgfcircshapes.tex")
("E:\DTP\TeX\MiKTeXRoot\MiKTeX 2.9\tex\generic\circuitikz\pgfcircmonopoles.tex"
) ("E:\DTP\TeX\MiKTeXRoot\MiKTeX 2.9\tex\generic\circuitikz\pgfcircbipoles.tex"
) ("E:\DTP\TeX\MiKTeXRoot\MiKTeX 2.9\tex\generic\circuitikz\pgfcirctripoles.tex
")
("E:\DTP\TeX\MiKTeXRoot\MiKTeX 2.9\tex\generic\circuitikz\pgfcircquadpoles.tex"
) ("E:\DTP\TeX\MiKTeXRoot\MiKTeX 2.9\tex\generic\circuitikz\pgfcirclabel.tex")
("E:\DTP\TeX\MiKTeXRoot\MiKTeX 2.9\tex\generic\circuitikz\pgfcircvoltage.tex")
("E:\DTP\TeX\MiKTeXRoot\MiKTeX 2.9\tex\generic\circuitikz\pgfcirccurrent.tex")
("E:\DTP\TeX\MiKTeXRoot\MiKTeX 2.9\tex\generic\circuitikz\pgfcircpath.tex")
("E:\DTP\TeX\MiKTeXRoot\MiKTeX 2.9\tex\latex\xstring\xstring.sty"
("E:\DTP\TeX\MiKTeXRoot\MiKTeX 2.9\tex\generic\xstring\xstring.tex"
\@xs@message=\write4
\integerpart=\count110
\decimalpart=\count111
)
Package: xstring 2013/10/13  v1.7c  String manipulations (C Tellechea)
)
("E:\DTP\TeX\MiKTeXRoot\MiKTeX 2.9\tex\latex\siunitx\siunitx.sty"
("E:\DTP\TeX\MiKTeXRoot\MiKTeX 2.9\tex\latex\l3kernel\expl3.sty"
Package: expl3 2017/04/01 L3 programming layer (loader) 

("E:\DTP\TeX\MiKTeXRoot\MiKTeX 2.9\tex\latex\l3kernel\expl3-code.tex"
Package: expl3 2017/04/01 L3 programming layer (code)
\c_max_int=\count112
\l_tmpa_int=\count113
\l_tmpb_int=\count114
\g_tmpa_int=\count115
\g_tmpb_int=\count116
\g__prg_map_int=\count117
\c_log_iow=\count118
\l_iow_line_count_int=\count119
\l__iow_line_target_int=\count120
\l__iow_one_indent_int=\count121
\l__iow_indent_int=\count122
\c_zero_dim=\dimen162
\c_max_dim=\dimen163
\l_tmpa_dim=\dimen164
\l_tmpb_dim=\dimen165
\g_tmpa_dim=\dimen166
\g_tmpb_dim=\dimen167
\c_zero_skip=\skip43
\c_max_skip=\skip44
\l_tmpa_skip=\skip45
\l_tmpb_skip=\skip46
\g_tmpa_skip=\skip47
\g_tmpb_skip=\skip48
\c_zero_muskip=\muskip10
\c_max_muskip=\muskip11
\l_tmpa_muskip=\muskip12
\l_tmpb_muskip=\muskip13
\g_tmpa_muskip=\muskip14
\g_tmpb_muskip=\muskip15
\l_keys_choice_int=\count123
\c__fp_leading_shift_int=\count124
\c__fp_middle_shift_int=\count125
\c__fp_trailing_shift_int=\count126
\c__fp_big_leading_shift_int=\count127
\c__fp_big_middle_shift_int=\count128
\c__fp_big_trailing_shift_int=\count129
\c__fp_Bigg_leading_shift_int=\count130
\c__fp_Bigg_middle_shift_int=\count131
\c__fp_Bigg_trailing_shift_int=\count132
\c__fp_rand_size_int=\count133
\c__fp_rand_four_int=\count134
\c__fp_rand_eight_int=\count135
\l__sort_length_int=\count136
\l__sort_min_int=\count137
\l__sort_top_int=\count138
\l__sort_max_int=\count139
\l__sort_true_max_int=\count140
\l__sort_block_int=\count141
\l__sort_begin_int=\count142
\l__sort_end_int=\count143
\l__sort_A_int=\count144
\l__sort_B_int=\count145
\l__sort_C_int=\count146
\c_empty_box=\box38
\l_tmpa_box=\box39
\l_tmpb_box=\box40
\g_tmpa_box=\box41
\g_tmpb_box=\box42
\l__coffin_internal_box=\box43
\l__coffin_internal_dim=\dimen168
\l__coffin_offset_x_dim=\dimen169
\l__coffin_offset_y_dim=\dimen170
\l__coffin_x_dim=\dimen171
\l__coffin_y_dim=\dimen172
\l__coffin_x_prime_dim=\dimen173
\l__coffin_y_prime_dim=\dimen174
\c_empty_coffin=\box44
\l__coffin_aligned_coffin=\box45
\l__coffin_aligned_internal_coffin=\box46
\l_tmpa_coffin=\box47
\l_tmpb_coffin=\box48
\l__coffin_display_coffin=\box49
\l__coffin_display_coord_coffin=\box50
\l__coffin_display_pole_coffin=\box51
\l__coffin_display_offset_dim=\dimen175
\l__coffin_display_x_dim=\dimen176
\l__coffin_display_y_dim=\dimen177
\l__box_top_dim=\dimen178
\l__box_bottom_dim=\dimen179
\l__box_left_dim=\dimen180
\l__box_right_dim=\dimen181
\l__box_top_new_dim=\dimen182
\l__box_bottom_new_dim=\dimen183
\l__box_left_new_dim=\dimen184
\l__box_right_new_dim=\dimen185
\l__box_internal_box=\box52
\l__coffin_bounding_shift_dim=\dimen186
\l__coffin_left_corner_dim=\dimen187
\l__coffin_right_corner_dim=\dimen188
\l__coffin_bottom_corner_dim=\dimen189
\l__coffin_top_corner_dim=\dimen190
\l__coffin_scaled_total_height_dim=\dimen191
\l__coffin_scaled_width_dim=\dimen192
)
("E:\DTP\TeX\MiKTeXRoot\MiKTeX 2.9\tex\latex\l3kernel\l3pdfmode.def"
File: l3pdfmode.def 2017/03/18 v L3 Experimental driver: PDF mode
\l__driver_color_stack_int=\count147
\l__driver_tmp_box=\box53
))
("E:\DTP\TeX\MiKTeXRoot\MiKTeX 2.9\tex\latex\l3packages\xparse\xparse.sty"
Package: xparse 2017/04/01 L3 Experimental document command parser
\l__xparse_current_arg_int=\count148
\g__xparse_grabber_int=\count149
\l__xparse_m_args_int=\count150
\l__xparse_mandatory_args_int=\count151
\l__xparse_v_nesting_int=\count152
)
Package: siunitx 2017/01/01 v2.7a A comprehensive (SI) units package

("E:\DTP\TeX\MiKTeX 2.9\tex\latex\amsmath\amstext.sty"
Package: amstext 2000/06/29 v2.01 AMS text

("E:\DTP\TeX\MiKTeX 2.9\tex\latex\amsmath\amsgen.sty"
File: amsgen.sty 1999/11/30 v2.0 generic functions
\@emptytoks=\toks28
\ex@=\dimen193
))
("E:\DTP\TeX\MiKTeX 2.9\tex\latex\tools\array.sty"
Package: array 2016/10/06 v2.4d Tabular extension package (FMi)
\col@sep=\dimen194
\extrarowheight=\dimen195
\NC@list=\toks29
\extratabsurround=\skip49
\backup@length=\skip50
)
("E:\DTP\TeX\MiKTeXRoot\MiKTeX 2.9\tex\latex\l3packages\l3keys2e\l3keys2e.sty"
Package: l3keys2e 2017/04/01 LaTeX2e option processing using LaTeX3 keys
)
\l__siunitx_tmp_box=\box54
\l__siunitx_tmp_dim=\dimen196
\l__siunitx_tmp_int=\count153
\l__siunitx_number_mantissa_length_int=\count154
\l__siunitx_number_uncert_length_int=\count155
\l__siunitx_round_int=\count156
\l__siunitx_process_decimal_int=\count157
\l__siunitx_process_uncertainty_int=\count158
\l__siunitx_process_fixed_int=\count159
\l__siunitx_process_integer_min_int=\count160
\l__siunitx_process_precision_int=\count161
\l__siunitx_group_min_int=\count162
\l__siunitx_angle_marker_box=\box55
\l__siunitx_angle_unit_box=\box56
\l__siunitx_angle_marker_dim=\dimen197
\l__siunitx_angle_unit_dim=\dimen198
\l__siunitx_unit_int=\count163
\l__siunitx_unit_denominator_int=\count164
\l__siunitx_unit_numerator_int=\count165
\l__siunitx_unit_prefix_int=\count166
\l__siunitx_unit_prefix_base_int=\count167
\l__siunitx_unit_prefix_gram_int=\count168
\l__siunitx_number_product_int=\count169
\c__siunitx_one_fill_skip=\skip51
\l__siunitx_table_unit_align_skip=\skip52
\l__siunitx_table_exponent_dim=\dimen199
\l__siunitx_table_integer_dim=\dimen256
\l__siunitx_table_mantissa_dim=\dimen257
\l__siunitx_table_marker_dim=\dimen258
\l__siunitx_table_result_dim=\dimen259
\l__siunitx_table_uncert_dim=\dimen260
\l__siunitx_table_fill_pre_dim=\dimen261
\l__siunitx_table_fill_post_dim=\dimen262
\l__siunitx_table_fill_mid_dim=\dimen263
\l__siunitx_table_pre_box=\box57
\l__siunitx_table_post_box=\box58
\l__siunitx_table_mantissa_box=\box59
\l__siunitx_table_result_box=\box60
\l__siunitx_table_number_align_skip=\skip53
\l__siunitx_table_text_align_skip=\skip54
.................................................
. LaTeX info: "xparse/define-command"
. 
. Defining command \DeclareBinaryPrefix with sig. 'mmm' on line 7249.
.................................................
.................................................
. LaTeX info: "xparse/define-command"
. 
. Defining command \DeclareSIPostPower with sig. 'mm' on line 7252.
.................................................
.................................................
. LaTeX info: "xparse/define-command"
. 
. Defining command \DeclareSIPrefix with sig. 'mmm' on line 7255.
.................................................
.................................................
. LaTeX info: "xparse/define-command"
. 
. Defining command \DeclareSIPrePower with sig. 'mm' on line 7258.
.................................................
.................................................
. LaTeX info: "xparse/define-command"
. 
. Defining command \DeclareSIQualifier with sig. 'mm' on line 7261.
.................................................
.................................................
. LaTeX info: "xparse/define-command"
. 
. Defining command \DeclareSIUnit with sig. 'O{}mm' on line 7264.
.................................................
.................................................
. LaTeX info: "xparse/define-command"
. 
. Defining command \DeclareSIUnitWithOptions with sig. 'mmm' on line 7267.
.................................................
.................................................
. LaTeX info: "xparse/define-command"
. 
. Defining command \ang with sig. 'o>{\SplitArgument {2}{;}}m' on line 7282.
.................................................
.................................................
. LaTeX info: "xparse/define-command"
. 
. Defining command \num with sig. 'om' on line 7291.
.................................................
.................................................
. LaTeX info: "xparse/define-command"
. 
. Defining command \numlist with sig. 'o>{\SplitList {;}}m' on line 7300.
.................................................
.................................................
. LaTeX info: "xparse/define-command"
. 
. Defining command \numrange with sig. 'omm' on line 7309.
.................................................
.................................................
. LaTeX info: "xparse/define-command"
. 
. Defining command \SIlist with sig. 'o>{\SplitList {;}}mm' on line 7321.
.................................................
.................................................
. LaTeX info: "xparse/define-command"
. 
. Defining command \SIrange with sig. 'ommm' on line 7333.
.................................................
.................................................
. LaTeX info: "xparse/define-command"
. 
. Defining command \SI with sig. 'omom' on line 7345.
.................................................
.................................................
. LaTeX info: "xparse/define-command"
. 
. Defining command \sisetup with sig. 'm' on line 7348.
.................................................
.................................................
. LaTeX info: "xparse/define-command"
. 
. Defining command \tablenum with sig. 'om' on line 7363.
.................................................
.................................................
. LaTeX info: "xparse/define-command"
. 
. Defining command \si with sig. 'om' on line 7375.
.................................................
.................................................
. LaTeX info: "xparse/define-command"
. 
. Defining command \__siunitx_bookmark_num:w with sig. 'om' on line 7422.
.................................................
.................................................
. LaTeX info: "xparse/define-command"
. 
. Defining command \__siunitx_bookmark_numrange:w with sig. 'omm' on line
. 7424.
.................................................
.................................................
. LaTeX info: "xparse/define-command"
. 
. Defining command \__siunitx_bookmark_SI:w with sig. 'omom' on line 7426.
.................................................
.................................................
. LaTeX info: "xparse/define-command"
. 
. Defining command \__siunitx_bookmark_SIlist:w with sig. 'omm' on line 7428.
.................................................
.................................................
. LaTeX info: "xparse/define-command"
. 
. Defining command \__siunitx_bookmark_SIrange:w with sig. 'ommm' on line
. 7430.
.................................................
.................................................
. LaTeX info: "xparse/define-command"
. 
. Defining command \__siunitx_bookmark_si:w with sig. 'om' on line 7431.
.................................................
\g__file_internal_ior=\read2
("E:\DTP\TeX\MiKTeXRoot\MiKTeX 2.9\tex\latex\beamer\translator\translator.sty"
Package: translator 2010/06/12 ver 1.10

("E:\DTP\TeX\MiKTeXRoot\MiKTeX 2.9\tex\latex\beamer\translator\translator-langu
age-mappings.tex")))) ("E:\DTP\TeX\MiKTeX 2.9\tex\latex\amsmath\amsmath.sty"
Package: amsmath 2016/11/05 v2.16a AMS math features
\@mathmargin=\skip55

For additional information on amsmath, use the `?' option.
("E:\DTP\TeX\MiKTeX 2.9\tex\latex\amsmath\amsbsy.sty"
Package: amsbsy 1999/11/29 v1.2d Bold Symbols
\pmbraise@=\dimen264
)
("E:\DTP\TeX\MiKTeX 2.9\tex\latex\amsmath\amsopn.sty"
Package: amsopn 2016/03/08 v2.02 operator names
)
\inf@bad=\count170
LaTeX Info: Redefining \frac on input line 213.
\uproot@=\count171
\leftroot@=\count172
LaTeX Info: Redefining \overline on input line 375.
\classnum@=\count173
\DOTSCASE@=\count174
LaTeX Info: Redefining \ldots on input line 472.
LaTeX Info: Redefining \dots on input line 475.
LaTeX Info: Redefining \cdots on input line 596.
\Mathstrutbox@=\box61
\strutbox@=\box62
\big@size=\dimen265
LaTeX Font Info:    Redeclaring font encoding OML on input line 712.
LaTeX Font Info:    Redeclaring font encoding OMS on input line 713.
\macc@depth=\count175
\c@MaxMatrixCols=\count176
\dotsspace@=\muskip16
\c@parentequation=\count177
\dspbrk@lvl=\count178
\tag@help=\toks30
\row@=\count179
\column@=\count180
\maxfields@=\count181
\andhelp@=\toks31
\eqnshift@=\dimen266
\alignsep@=\dimen267
\tagshift@=\dimen268
\tagwidth@=\dimen269
\totwidth@=\dimen270
\lineht@=\dimen271
\@envbody=\toks32
\multlinegap=\skip56
\multlinetaggap=\skip57
\mathdisplay@stack=\toks33
LaTeX Info: Redefining \[ on input line 2817.
LaTeX Info: Redefining \] on input line 2818.
)
("E:\DTP\TeX\MiKTeX 2.9\tex\latex\amsfonts\amssymb.sty"
Package: amssymb 2013/01/14 v3.01 AMS font symbols

("E:\DTP\TeX\MiKTeX 2.9\tex\latex\amsfonts\amsfonts.sty"
Package: amsfonts 2013/01/14 v3.01 Basic AMSFonts support
\symAMSa=\mathgroup4
\symAMSb=\mathgroup5
LaTeX Font Info:    Overwriting math alphabet `\mathfrak' in version `bold'
(Font)                  U/euf/m/n --> U/euf/b/n on input line 106.
))
("E:\DTP\TeX\MiKTeX 2.9\tex\latex\tools\bm.sty"
Package: bm 2017/01/16 v1.2c Bold Symbol Support (DPC/FMi)
\symboldoperators=\mathgroup6
\symboldletters=\mathgroup7
\symboldsymbols=\mathgroup8
LaTeX Font Info:    Redeclaring math alphabet \mathbf on input line 141.
LaTeX Info: Redefining \bm on input line 207.
)
("E:\DTP\TeX\MiKTeX 2.9\tex\latex\base\ifthen.sty"
Package: ifthen 2014/09/29 v1.1c Standard LaTeX ifthen package (DPC)
)
("E:\DTP\TeX\MiKTeXRoot\MiKTeX 2.9\tex\latex\ulem\ulem.sty"
\UL@box=\box63
\UL@hyphenbox=\box64
\UL@skip=\skip58
\UL@hook=\toks34
\UL@height=\dimen272
\UL@pe=\count182
\UL@pixel=\dimen273
\ULC@box=\box65
Package: ulem 2012/05/18
\ULdepth=\dimen274
)
("E:\DTP\TeX\MiKTeXRoot\MiKTeX 2.9\tex\latex\pgfplots\pgfplots.sty"
("E:\DTP\TeX\MiKTeXRoot\MiKTeX 2.9\tex\generic\pgfplots\pgfplots.revision.tex")
Package: pgfplots 2016/08/10 v1.14 Data Visualization (1.14)
("E:\DTP\TeX\MiKTeXRoot\MiKTeX 2.9\tex\generic\pgfplots\pgfplots.code.tex"
("E:\DTP\TeX\MiKTeXRoot\MiKTeX 2.9\tex\generic\pgfplots\pgfplotscore.code.tex"
\t@pgfplots@toka=\toks35
\t@pgfplots@tokb=\toks36
\t@pgfplots@tokc=\toks37
\pgfplots@tmpa=\dimen275
\c@pgfplots@coordindex=\count183
\c@pgfplots@scanlineindex=\count184

("E:\DTP\TeX\MiKTeXRoot\MiKTeX 2.9\tex\generic\pgfplots\sys\pgfplotssysgeneric.
code.tex"))
("E:\DTP\TeX\MiKTeXRoot\MiKTeX 2.9\tex\generic\pgfplots\libs\pgfplotslibrary.co
de.tex")
("E:\DTP\TeX\MiKTeXRoot\MiKTeX 2.9\tex\generic\pgfplots\oldpgfcompatib\pgfplots
oldpgfsupp_loader.code.tex"
("E:\DTP\TeX\MiKTeXRoot\MiKTeX 2.9\tex\generic\pgf\libraries\pgflibraryfpu.code
.tex")
Package pgfplots: loading complementary arithmetics for your pgf version...

("E:\DTP\TeX\MiKTeXRoot\MiKTeX 2.9\tex\generic\pgfplots\oldpgfcompatib\pgfplots
oldpgfsupp_pgflibraryfpu.code.tex")
("E:\DTP\TeX\MiKTeXRoot\MiKTeX 2.9\tex\generic\pgfplots\oldpgfcompatib\pgfplots
oldpgfsupp_pgfmathfloat.code.tex"
\c@pgfmathroundto@lastzeros=\count185
))
("E:\DTP\TeX\MiKTeXRoot\MiKTeX 2.9\tex\generic\pgfplots\util\pgfplotsutil.code.
tex"
("E:\DTP\TeX\MiKTeXRoot\MiKTeX 2.9\tex\generic\pgfplots\liststructure\pgfplotsl
iststructure.code.tex")
("E:\DTP\TeX\MiKTeXRoot\MiKTeX 2.9\tex\generic\pgfplots\liststructure\pgfplotsl
iststructureext.code.tex")
("E:\DTP\TeX\MiKTeXRoot\MiKTeX 2.9\tex\generic\pgfplots\liststructure\pgfplotsa
rray.code.tex"
\c@pgfplotsarray@tmp=\count186
)
("E:\DTP\TeX\MiKTeXRoot\MiKTeX 2.9\tex\generic\pgfplots\liststructure\pgfplotsm
atrix.code.tex")
("E:\DTP\TeX\MiKTeXRoot\MiKTeX 2.9\tex\generic\pgfplots\numtable\pgfplotstables
hared.code.tex"
\c@pgfplotstable@counta=\count187
\t@pgfplotstable@a=\toks38
)
("E:\DTP\TeX\MiKTeXRoot\MiKTeX 2.9\tex\generic\pgfplots\liststructure\pgfplotsd
eque.code.tex")
("E:\DTP\TeX\MiKTeXRoot\MiKTeX 2.9\tex\generic\pgfplots\util\pgfplotsbinary.cod
e.tex"
("E:\DTP\TeX\MiKTeXRoot\MiKTeX 2.9\tex\generic\pgfplots\util\pgfplotsbinary.dat
a.code.tex"))
("E:\DTP\TeX\MiKTeXRoot\MiKTeX 2.9\tex\generic\pgfplots\util\pgfplotsutil.verb.
code.tex")
("E:\DTP\TeX\MiKTeXRoot\MiKTeX 2.9\tex\generic\pgfplots\libs\pgflibrarypgfplots
.surfshading.code.tex"
\c@pgfplotslibrarysurf@no=\count188

("E:\DTP\TeX\MiKTeXRoot\MiKTeX 2.9\tex\generic\pgfplots\sys\pgflibrarypgfplots.
surfshading.pgfsys-pdftex.def")))
("E:\DTP\TeX\MiKTeXRoot\MiKTeX 2.9\tex\generic\pgfplots\util\pgfplotscolormap.c
ode.tex"
("E:\DTP\TeX\MiKTeXRoot\MiKTeX 2.9\tex\generic\pgfplots\util\pgfplotscolor.code
.tex"))
("E:\DTP\TeX\MiKTeXRoot\MiKTeX 2.9\tex\generic\pgfplots\pgfplotsstackedplots.co
de.tex")
("E:\DTP\TeX\MiKTeXRoot\MiKTeX 2.9\tex\generic\pgfplots\pgfplotsplothandlers.co
de.tex"
("E:\DTP\TeX\MiKTeXRoot\MiKTeX 2.9\tex\generic\pgfplots\pgfplotsmeshplothandler
.code.tex"
("E:\DTP\TeX\MiKTeXRoot\MiKTeX 2.9\tex\generic\pgfplots\pgfplotsmeshplotimage.c
ode.tex")))
("E:\DTP\TeX\MiKTeXRoot\MiKTeX 2.9\tex\generic\pgfplots\pgfplots.scaling.code.t
ex")
("E:\DTP\TeX\MiKTeXRoot\MiKTeX 2.9\tex\generic\pgfplots\pgfplotscoordprocessing
.code.tex")
("E:\DTP\TeX\MiKTeXRoot\MiKTeX 2.9\tex\generic\pgfplots\pgfplots.errorbars.code
.tex")
("E:\DTP\TeX\MiKTeXRoot\MiKTeX 2.9\tex\generic\pgfplots\pgfplots.markers.code.t
ex")
("E:\DTP\TeX\MiKTeXRoot\MiKTeX 2.9\tex\generic\pgfplots\pgfplotsticks.code.tex"
)
("E:\DTP\TeX\MiKTeXRoot\MiKTeX 2.9\tex\generic\pgfplots\pgfplots.paths.code.tex
")
("E:\DTP\TeX\MiKTeXRoot\MiKTeX 2.9\tex\generic\pgf\frontendlayer\tikz\libraries
\tikzlibrarydecorations.code.tex"
("E:\DTP\TeX\MiKTeXRoot\MiKTeX 2.9\tex\generic\pgf\modules\pgfmoduledecorations
.code.tex"
\pgfdecoratedcompleteddistance=\dimen276
\pgfdecoratedremainingdistance=\dimen277
\pgfdecoratedinputsegmentcompleteddistance=\dimen278
\pgfdecoratedinputsegmentremainingdistance=\dimen279
\pgf@decorate@distancetomove=\dimen280
\pgf@decorate@repeatstate=\count189
\pgfdecorationsegmentamplitude=\dimen281
\pgfdecorationsegmentlength=\dimen282
)
\tikz@lib@dec@box=\box66
)
("E:\DTP\TeX\MiKTeXRoot\MiKTeX 2.9\tex\generic\pgf\frontendlayer\tikz\libraries
\tikzlibrarydecorations.pathmorphing.code.tex"
("E:\DTP\TeX\MiKTeXRoot\MiKTeX 2.9\tex\generic\pgf\libraries\decorations\pgflib
rarydecorations.pathmorphing.code.tex"))
("E:\DTP\TeX\MiKTeXRoot\MiKTeX 2.9\tex\generic\pgf\frontendlayer\tikz\libraries
\tikzlibrarydecorations.pathreplacing.code.tex"
("E:\DTP\TeX\MiKTeXRoot\MiKTeX 2.9\tex\generic\pgf\libraries\decorations\pgflib
rarydecorations.pathreplacing.code.tex"))
\pgfplots@numplots=\count190
\pgfplots@xmin@reg=\dimen283
\pgfplots@xmax@reg=\dimen284
\pgfplots@ymin@reg=\dimen285
\pgfplots@ymax@reg=\dimen286
\pgfplots@zmin@reg=\dimen287
\pgfplots@zmax@reg=\dimen288
)
("E:\DTP\TeX\MiKTeXRoot\MiKTeX 2.9\tex\generic\pgf\frontendlayer\tikz\libraries
\tikzlibraryplotmarks.code.tex"
File: tikzlibraryplotmarks.code.tex 2008/01/09 v3.0.1a (rcs-revision 1.1)

("E:\DTP\TeX\MiKTeXRoot\MiKTeX 2.9\tex\generic\pgf\libraries\pgflibraryplotmark
s.code.tex"
File: pgflibraryplotmarks.code.tex 2015/08/03 v3.0.1a (rcs-revision 1.14)
)))
("E:\DTP\TeX\MiKTeXRoot\MiKTeX 2.9\tex\generic\pgf\frontendlayer\tikz\libraries
\tikzlibraryshapes.code.tex"
File: tikzlibraryshapes.code.tex 2008/01/09 v3.0.1a (rcs-revision 1.1)

("E:\DTP\TeX\MiKTeXRoot\MiKTeX 2.9\tex\generic\pgf\frontendlayer\tikz\libraries
\tikzlibraryshapes.geometric.code.tex"
File: tikzlibraryshapes.geometric.code.tex 2008/01/09 v3.0.1a (rcs-revision 1.1
)

("E:\DTP\TeX\MiKTeXRoot\MiKTeX 2.9\tex\generic\pgf\libraries\shapes\pgflibrarys
hapes.geometric.code.tex"
File: pgflibraryshapes.geometric.code.tex 2008/06/26 v3.0.1a (rcs-revision 1.1)

))
("E:\DTP\TeX\MiKTeXRoot\MiKTeX 2.9\tex\generic\pgf\frontendlayer\tikz\libraries
\tikzlibraryshapes.misc.code.tex"
File: tikzlibraryshapes.misc.code.tex 2008/01/09 v3.0.1a (rcs-revision 1.1)

("E:\DTP\TeX\MiKTeXRoot\MiKTeX 2.9\tex\generic\pgf\libraries\shapes\pgflibrarys
hapes.misc.code.tex"
File: pgflibraryshapes.misc.code.tex 2013/07/18 v3.0.1a (rcs-revision 1.5)
))
("E:\DTP\TeX\MiKTeXRoot\MiKTeX 2.9\tex\generic\pgf\frontendlayer\tikz\libraries
\tikzlibraryshapes.symbols.code.tex"
File: tikzlibraryshapes.symbols.code.tex 2008/01/09 v3.0.1a (rcs-revision 1.1)

("E:\DTP\TeX\MiKTeXRoot\MiKTeX 2.9\tex\generic\pgf\libraries\shapes\pgflibrarys
hapes.symbols.code.tex"
File: pgflibraryshapes.symbols.code.tex 2013/09/11 v3.0.1a (rcs-revision 1.6)
))
("E:\DTP\TeX\MiKTeXRoot\MiKTeX 2.9\tex\generic\pgf\frontendlayer\tikz\libraries
\tikzlibraryshapes.arrows.code.tex"
File: tikzlibraryshapes.arrows.code.tex 2008/01/09 v3.0.1a (rcs-revision 1.1)

("E:\DTP\TeX\MiKTeXRoot\MiKTeX 2.9\tex\generic\pgf\libraries\shapes\pgflibrarys
hapes.arrows.code.tex"
File: pgflibraryshapes.arrows.code.tex 2008/06/26 v3.0.1a (rcs-revision 1.1)
))
("E:\DTP\TeX\MiKTeXRoot\MiKTeX 2.9\tex\generic\pgf\frontendlayer\tikz\libraries
\tikzlibraryshapes.callouts.code.tex"
("E:\DTP\TeX\MiKTeXRoot\MiKTeX 2.9\tex\generic\pgf\libraries\shapes\pgflibrarys
hapes.callouts.code.tex"))
("E:\DTP\TeX\MiKTeXRoot\MiKTeX 2.9\tex\generic\pgf\frontendlayer\tikz\libraries
\tikzlibraryshapes.multipart.code.tex"
File: tikzlibraryshapes.multipart.code.tex 2008/01/09 v3.0.1a (rcs-revision 1.1
)

("E:\DTP\TeX\MiKTeXRoot\MiKTeX 2.9\tex\generic\pgf\libraries\shapes\pgflibrarys
hapes.multipart.code.tex"
File: pgflibraryshapes.multipart.code.tex 2010/01/07 v3.0.1a (rcs-revision 1.2)

\pgfnodepartlowerbox=\box67
\pgfnodeparttwobox=\box68
\pgfnodepartthreebox=\box69
\pgfnodepartfourbox=\box70
\pgfnodeparttwentybox=\box71
\pgfnodepartnineteenbox=\box72
\pgfnodeparteighteenbox=\box73
\pgfnodepartseventeenbox=\box74
\pgfnodepartsixteenbox=\box75
\pgfnodepartfifteenbox=\box76
\pgfnodepartfourteenbox=\box77
\pgfnodepartthirteenbox=\box78
\pgfnodeparttwelvebox=\box79
\pgfnodepartelevenbox=\box80
\pgfnodeparttenbox=\box81
\pgfnodepartninebox=\box82
\pgfnodeparteightbox=\box83
\pgfnodepartsevenbox=\box84
\pgfnodepartsixbox=\box85
\pgfnodepartfivebox=\box86
)))
("E:\DTP\TeX\MiKTeXRoot\MiKTeX 2.9\tex\generic\pgf\frontendlayer\tikz\libraries
\tikzlibraryarrows.code.tex"
File: tikzlibraryarrows.code.tex 2008/01/09 v3.0.1a (rcs-revision 1.1)
)
(D:\Christian\Software\localtexmf\tex\latex\agaramondc\lcdftools\agaramondc.sty
("E:\DTP\TeX\MiKTeX 2.9\tex\latex\base\fontenc.sty"
Package: fontenc 2017/04/05 v2.0i Standard LaTeX package

("E:\DTP\TeX\MiKTeXRoot\MiKTeX 2.9\tex\latex\ly1\ly1enc.def"
File: ly1enc.def 2009/07/22 v0.7 TeX 'n ANSI encoding (DPC/KB)
)
LaTeX Font Info:    Try loading font information for LY1+ptm on input line 105.


("E:\DTP\TeX\MiKTeXRoot\MiKTeX 2.9\tex\latex\ly1\ly1ptm.fd"
File: ly1ptm.fd 2001/02/01 font definitions for LY1/ptm using Berry names.
))
(D:\Christian\Software\localtexmf\tex\latex\agaramond\lcdftools\myfss.sty
Package: myfss 2005/07/11 my font selection scheme

("E:\DTP\TeX\MiKTeXRoot\MiKTeX 2.9\tex\latex\patchcmd\patchcmd.sty"
Package: patchcmd 2016/06/03 v1.05
)
("E:\DTP\TeX\MiKTeX 2.9\tex\latex\base\fontenc.sty"
Package: fontenc 2017/04/05 v2.0i Standard LaTeX package

("E:\DTP\TeX\MiKTeXRoot\MiKTeX 2.9\tex\latex\ly1\ly1enc.def"
File: ly1enc.def 2009/07/22 v0.7 TeX 'n ANSI encoding (DPC/KB)
LaTeX Font Info:    Redeclaring font encoding LY1 on input line 11.
))
LaTeX Info: Redefining \textmd on input line 124.
LaTeX Info: Redefining \textrm on input line 410.
LaTeX Info: Redefining \itshape on input line 411.
LaTeX Info: Redefining \textit on input line 414.
LaTeX Info: Redefining \slshape on input line 415.
LaTeX Info: Redefining \textsl on input line 418.
LaTeX Info: Redefining \scshape on input line 432.
LaTeX Info: Redefining \textsc on input line 435.
)
Package: agaramondc 2005/07/11 sets up Garamond font
)
("E:\DTP\TeX\MiKTeXRoot\MiKTeX 2.9\tex\generic\pgf\frontendlayer\tikz\libraries
\tikzlibrarybackgrounds.code.tex"
File: tikzlibrarybackgrounds.code.tex 2013/07/18 v3.0.1a (rcs-revision 1.3)
\pgf@layerbox@background=\box87
\pgf@layerboxsaved@background=\box88
)
("E:\DTP\TeX\MiKTeXRoot\MiKTeX 2.9\tex\generic\pgf\frontendlayer\tikz\libraries
\tikzlibrarypositioning.code.tex"
File: tikzlibrarypositioning.code.tex 2008/10/06 v3.0.1a (rcs-revision 1.7)
)
("E:\DTP\TeX\MiKTeXRoot\MiKTeX 2.9\tex\generic\pgf\frontendlayer\tikz\libraries
\circuits\tikzlibrarycircuits.ee.IEC.code.tex"
("E:\DTP\TeX\MiKTeXRoot\MiKTeX 2.9\tex\generic\pgf\frontendlayer\tikz\libraries
\circuits\tikzlibrarycircuits.ee.code.tex"
("E:\DTP\TeX\MiKTeXRoot\MiKTeX 2.9\tex\generic\pgf\frontendlayer\tikz\libraries
\circuits\tikzlibrarycircuits.code.tex"
("E:\DTP\TeX\MiKTeXRoot\MiKTeX 2.9\tex\generic\pgf\frontendlayer\tikz\libraries
\tikzlibrarydecorations.markings.code.tex"
("E:\DTP\TeX\MiKTeXRoot\MiKTeX 2.9\tex\generic\pgf\libraries\decorations\pgflib
rarydecorations.markings.code.tex"))
\tikz@lib@circ@count=\count191
\tikzcircuitssizeunit=\dimen289
)
("E:\DTP\TeX\MiKTeXRoot\MiKTeX 2.9\tex\generic\pgf\libraries\shapes\circuits\pg
flibraryshapes.gates.ee.code.tex"))
("E:\DTP\TeX\MiKTeXRoot\MiKTeX 2.9\tex\generic\pgf\libraries\shapes\circuits\pg
flibraryshapes.gates.ee.IEC.code.tex")) (latex_preamble.aux)
\openout1 = `latex_preamble.aux'.

LaTeX Font Info:    Checking defaults for OML/cmm/m/it on input line 66.
LaTeX Font Info:    ... okay on input line 66.
LaTeX Font Info:    Checking defaults for T1/cmr/m/n on input line 66.
LaTeX Font Info:    ... okay on input line 66.
LaTeX Font Info:    Checking defaults for OT1/cmr/m/n on input line 66.
LaTeX Font Info:    ... okay on input line 66.
LaTeX Font Info:    Checking defaults for OMS/cmsy/m/n on input line 66.
LaTeX Font Info:    ... okay on input line 66.
LaTeX Font Info:    Checking defaults for OMX/cmex/m/n on input line 66.
LaTeX Font Info:    ... okay on input line 66.
LaTeX Font Info:    Checking defaults for U/cmr/m/n on input line 66.
LaTeX Font Info:    ... okay on input line 66.
LaTeX Font Info:    Checking defaults for LY1/ptm/m/n on input line 66.
LaTeX Font Info:    ... okay on input line 66.
LaTeX Font Info:    Try loading font information for LY1+AGaramondProC on input
 line 66.

(D:\Christian\Software\localtexmf\tex\latex\agaramondc\lcdftools\ly1agaramondpr
oc.fd
File: LY1AGaramondProC.fd 2005/07/13 Adobe Garamond Pro C font definitions
) ABD: EveryShipout initializing macros
("E:\DTP\TeX\MiKTeXRoot\MiKTeX 2.9\tex\context\base\supp-pdf.mkii"
[Loading MPS to PDF converter (version 2006.09.02).]
\scratchcounter=\count192
\scratchdimen=\dimen290
\scratchbox=\box89
\nofMPsegments=\count193
\nofMParguments=\count194
\everyMPshowfont=\toks39
\MPscratchCnt=\count195
\MPscratchDim=\dimen291
\MPnumerator=\count196
\makeMPintoPDFobject=\count197
\everyMPtoPDFconversion=\toks40
) ("E:\DTP\TeX\MiKTeX 2.9\tex\generic\oberdiek\pdftexcmds.sty"
Package: pdftexcmds 2017/03/19 v0.25 Utility functions of pdfTeX for LuaTeX (HO
)
Package pdftexcmds Info: LuaTeX not detected.
Package pdftexcmds Info: \pdf@primitive is available.
Package pdftexcmds Info: \pdf@ifprimitive is available.
Package pdftexcmds Info: \pdfdraftmode found.
)
("E:\DTP\TeX\MiKTeX 2.9\tex\latex\oberdiek\epstopdf-base.sty"
Package: epstopdf-base 2016/05/15 v2.6 Base part for package epstopdf

("E:\DTP\TeX\MiKTeX 2.9\tex\latex\oberdiek\grfext.sty"
Package: grfext 2016/05/16 v1.2 Manage graphics extensions (HO)

("E:\DTP\TeX\MiKTeX 2.9\tex\generic\oberdiek\kvdefinekeys.sty"
Package: kvdefinekeys 2016/05/16 v1.4 Define keys (HO)
))
("E:\DTP\TeX\MiKTeX 2.9\tex\latex\oberdiek\kvoptions.sty"
Package: kvoptions 2016/05/16 v3.12 Key value format for package options (HO)

("E:\DTP\TeX\MiKTeX 2.9\tex\generic\oberdiek\kvsetkeys.sty"
Package: kvsetkeys 2016/05/16 v1.17 Key value parser (HO)

("E:\DTP\TeX\MiKTeX 2.9\tex\generic\oberdiek\etexcmds.sty"
Package: etexcmds 2016/05/16 v1.6 Avoid name clashes with e-TeX commands (HO)
Package etexcmds Info: Could not find \expanded.
(etexcmds)             That can mean that you are not using pdfTeX 1.50 or
(etexcmds)             that some package has redefined \expanded.
(etexcmds)             In the latter case, load this package earlier.
)))
Package epstopdf-base Info: Redefining graphics rule for `.eps' on input line 4
38.
Package grfext Info: Graphics extension search list:
(grfext)             [.png,.pdf,.jpg,.mps,.jpeg,.jbig2,.jb2,.PNG,.PDF,.JPG,.JPE
G,.JBIG2,.JB2,.eps]
(grfext)             \AppendGraphicsExtensions on input line 456.
)
("E:\DTP\TeX\MiKTeXRoot\MiKTeX 2.9\tex\latex\beamer\translator\dicts\translator
-basic-dictionary\translator-basic-dictionary-English.dict"
Dictionary: translator-basic-dictionary, Language: English 
)
("E:\DTP\TeX\MiKTeXRoot\MiKTeX 2.9\tex\latex\siunitx\siunitx-abbreviations.cfg"
File: siunitx-abbreviations.cfg 2017/01/01 v2.7a siunitx: Abbreviated units
)
Package pgfplots notification 'compat/show suggested version=true': document ha
s been generated with the most recent feature set (\pgfplotsset{compat=1.14}).

\c__siunitx_mathsf_int=\count198
LaTeX Font Info:    Try loading font information for U+msa on input line 66.
("E:\DTP\TeX\MiKTeX 2.9\tex\latex\amsfonts\umsa.fd"
File: umsa.fd 2013/01/14 v3.01 AMS symbols A
)
LaTeX Font Info:    Try loading font information for U+msb on input line 66.

("E:\DTP\TeX\MiKTeX 2.9\tex\latex\amsfonts\umsb.fd"
File: umsb.fd 2013/01/14 v3.01 AMS symbols B
)
\c__siunitx_mathtt_int=\count199
)
! Emergency stop.
<*> ./latex_preamble.tex
                        
*** (job aborted, no legal \end found)

 
Here is how much of TeX's memory you used:
 42985 strings out of 493362
 1102605 string characters out of 3142282
 1301464 words of memory out of 3000000
 45914 multiletter control sequences out of 15000+200000
 14677 words of font info for 40 fonts, out of 3000000 for 9000
 1127 hyphenation exceptions out of 8191
 64i,3n,111p,10442b,609s stack positions out of 5000i,500n,10000p,200000b,50000s
!  ==> Fatal error occurred, no output PDF file produced!
